[ 2019-06-12T09:44:48+08:00 ] 127.0.0.1 /
INFO: [ app_init ] --START--
INFO: Run Behavior\BuildLiteBehavior [ RunTime:0.000000s ]
INFO: [ app_init ] --END-- [ RunTime:0.023000s ]
INFO: [ app_begin ] --START--
INFO: Run Behavior\ReadHtmlCacheBehavior [ RunTime:0.002000s ]
INFO: [ app_begin ] --END-- [ RunTime:0.002000s ]
SQL: SHOW COLUMNS FROM `category` [ RunTime:0.0450s ]
SQL: SELECT * FROM `category` WHERE ( parent_id=0 )  [ RunTime:0.0070s ]
SQL: SHOW COLUMNS FROM `advert` [ RunTime:0.0330s ]
SQL: SELECT * FROM `advert` WHERE ( ad_place=1 )  [ RunTime:0.0030s ]
SQL: SELECT advert.ad_pic,advert.gid,goods.goods_name,goods.goods_detail FROM `advert` INNER JOIN goods ON advert.gid = goods.id  WHERE ( advert.ad_place=3 ) LIMIT 2   [ RunTime:0.0380s ]
SQL: SELECT advert.ad_pic,advert.gid,goods.goods_name,goods.goods_detail FROM `advert` INNER JOIN goods ON advert.gid = goods.id  WHERE ( advert.ad_place=3 ) ORDER BY advert.id desc LIMIT 3   [ RunTime:0.0080s ]
INFO: [ view_parse ] --START--
INFO: [ template_filter ] --START--
INFO: Run Behavior\ContentReplaceBehavior [ RunTime:0.001000s ]
INFO: [ template_filter ] --END-- [ RunTime:0.001000s ]
INFO: Run Behavior\ParseTemplateBehavior [ RunTime:0.061000s ]
INFO: [ view_parse ] --END-- [ RunTime:0.061000s ]
INFO: [ view_filter ] --START--
INFO: Run Behavior\WriteHtmlCacheBehavior [ RunTime:0.015000s ]
INFO: [ view_filter ] --END-- [ RunTime:0.015000s ]
INFO: [ app_end ] --START--
INFO: Run Behavior\ShowPageTraceBehavior [ RunTime:0.044000s ]
INFO: [ app_end ] --END-- [ RunTime:0.044000s ]

[ 2019-06-12T09:44:54+08:00 ] 127.0.0.1 /index.php/Home/Index/detail.html?gid=79
INFO: [ app_init ] --START--
INFO: Run Behavior\BuildLiteBehavior [ RunTime:0.000000s ]
INFO: [ app_init ] --END-- [ RunTime:0.000000s ]
INFO: [ app_begin ] --START--
INFO: Run Behavior\ReadHtmlCacheBehavior [ RunTime:0.000000s ]
INFO: [ app_begin ] --END-- [ RunTime:0.000000s ]
SQL: SHOW COLUMNS FROM `goods` [ RunTime:0.0050s ]
SQL: SELECT * FROM `goods` WHERE ( id=79 ) LIMIT 1   [ RunTime:0.0000s ]
SQL: SHOW COLUMNS FROM `goodsimage` [ RunTime:0.0300s ]
SQL: SELECT `gpic` FROM `goodsimage` WHERE ( gid=79 )  [ RunTime:0.0360s ]
INFO: [ view_parse ] --START--
INFO: [ template_filter ] --START--
INFO: Run Behavior\ContentReplaceBehavior [ RunTime:0.001000s ]
INFO: [ template_filter ] --END-- [ RunTime:0.001000s ]
INFO: Run Behavior\ParseTemplateBehavior [ RunTime:0.026000s ]
INFO: [ view_parse ] --END-- [ RunTime:0.026000s ]
INFO: [ view_filter ] --START--
INFO: Run Behavior\WriteHtmlCacheBehavior [ RunTime:0.000000s ]
INFO: [ view_filter ] --END-- [ RunTime:0.000000s ]
INFO: [ app_end ] --START--
INFO: Run Behavior\ShowPageTraceBehavior [ RunTime:0.001000s ]
INFO: [ app_end ] --END-- [ RunTime:0.001000s ]

[ 2019-06-12T09:44:57+08:00 ] 127.0.0.1 /index.php/Home/Index/nowBuy.html?gid=79&num=1
INFO: [ app_init ] --START--
INFO: Run Behavior\BuildLiteBehavior [ RunTime:0.000000s ]
INFO: [ app_init ] --END-- [ RunTime:0.001000s ]
INFO: [ app_begin ] --START--
INFO: Run Behavior\ReadHtmlCacheBehavior [ RunTime:0.001000s ]
INFO: [ app_begin ] --END-- [ RunTime:0.001000s ]
SQL: SHOW COLUMNS FROM `goods_car` [ RunTime:0.0520s ]
SQL: INSERT INTO `goods_car` (`user_id`,`goods_id`,`goods_num`) VALUES (NULL,'79','1') [ RunTime:0.0010s ]

[ 2019-06-12T09:44:57+08:00 ] 127.0.0.1 /index.php/Home/Index/trueOrder/sex/158.html
INFO: [ app_init ] --START--
INFO: Run Behavior\BuildLiteBehavior [ RunTime:0.000000s ]
INFO: [ app_init ] --END-- [ RunTime:0.001000s ]
INFO: [ app_begin ] --START--
INFO: Run Behavior\ReadHtmlCacheBehavior [ RunTime:0.001000s ]
INFO: [ app_begin ] --END-- [ RunTime:0.001000s ]

[ 2019-06-12T09:44:57+08:00 ] 127.0.0.1 /index.php/Home/Index/login.html
INFO: [ app_init ] --START--
INFO: Run Behavior\BuildLiteBehavior [ RunTime:0.000000s ]
INFO: [ app_init ] --END-- [ RunTime:0.001000s ]
INFO: [ app_begin ] --START--
INFO: Run Behavior\ReadHtmlCacheBehavior [ RunTime:0.001000s ]
INFO: [ app_begin ] --END-- [ RunTime:0.001000s ]
INFO: [ view_parse ] --START--
INFO: [ template_filter ] --START--
INFO: Run Behavior\ContentReplaceBehavior [ RunTime:0.000000s ]
INFO: [ template_filter ] --END-- [ RunTime:0.000000s ]
INFO: Run Behavior\ParseTemplateBehavior [ RunTime:0.014000s ]
INFO: [ view_parse ] --END-- [ RunTime:0.015000s ]
INFO: [ view_filter ] --START--
INFO: Run Behavior\WriteHtmlCacheBehavior [ RunTime:0.000000s ]
INFO: [ view_filter ] --END-- [ RunTime:0.000000s ]
INFO: [ app_end ] --START--
INFO: Run Behavior\ShowPageTraceBehavior [ RunTime:0.000000s ]
INFO: [ app_end ] --END-- [ RunTime:0.000000s ]

[ 2019-06-12T09:44:57+08:00 ] 127.0.0.1 /index.php/Home/Help/verify.html
INFO: [ app_init ] --START--
INFO: Run Behavior\BuildLiteBehavior [ RunTime:0.000000s ]
INFO: [ app_init ] --END-- [ RunTime:0.001000s ]
INFO: [ app_begin ] --START--
INFO: Run Behavior\ReadHtmlCacheBehavior [ RunTime:0.000000s ]
INFO: [ app_begin ] --END-- [ RunTime:0.000000s ]
INFO: [ app_end ] --START--
INFO: Run Behavior\ShowPageTraceBehavior [ RunTime:0.001000s ]
INFO: [ app_end ] --END-- [ RunTime:0.001000s ]

[ 2019-06-12T09:45:10+08:00 ] 127.0.0.1 /index.php/Home/Index/loginAction.html
INFO: [ app_init ] --START--
INFO: Run Behavior\BuildLiteBehavior [ RunTime:0.000000s ]
INFO: [ app_init ] --END-- [ RunTime:0.000000s ]
INFO: [ app_begin ] --START--
INFO: Run Behavior\ReadHtmlCacheBehavior [ RunTime:0.000000s ]
INFO: [ app_begin ] --END-- [ RunTime:0.000000s ]
SQL: SHOW COLUMNS FROM `user` [ RunTime:0.0660s ]
SQL: SHOW COLUMNS FROM `user` [ RunTime:0.0030s ]
NOTIC: [8] Undefined index: validate D:\phpStudy\PHPTutorial\WWW\webmyself\mi_phone\ThinkPHP\Library\Think\Model.class.php 第 1185 行.
NOTIC: [8] Undefined index: auto D:\phpStudy\PHPTutorial\WWW\webmyself\mi_phone\ThinkPHP\Library\Think\Model.class.php 第 1128 行.
SQL: SELECT * FROM `user` WHERE `user_name` = 'aaaaaaa' AND `password` = 'aaaaaa' LIMIT 1   [ RunTime:0.0100s ]
INFO: [ view_parse ] --START--
INFO: [ template_filter ] --START--
INFO: Run Behavior\ContentReplaceBehavior [ RunTime:0.001000s ]
INFO: [ template_filter ] --END-- [ RunTime:0.001000s ]
INFO: Run Behavior\ParseTemplateBehavior [ RunTime:0.010000s ]
INFO: [ view_parse ] --END-- [ RunTime:0.010000s ]
INFO: [ view_filter ] --START--
INFO: Run Behavior\WriteHtmlCacheBehavior [ RunTime:0.000000s ]
INFO: [ view_filter ] --END-- [ RunTime:0.000000s ]
INFO: [ app_end ] --START--
INFO: Run Behavior\ShowPageTraceBehavior [ RunTime:0.001000s ]
INFO: [ app_end ] --END-- [ RunTime:0.001000s ]

[ 2019-06-12T09:45:12+08:00 ] 127.0.0.1 /index.php/Home/Index/trueLogin.html
INFO: [ app_init ] --START--
INFO: Run Behavior\BuildLiteBehavior [ RunTime:0.000000s ]
INFO: [ app_init ] --END-- [ RunTime:0.001000s ]
INFO: [ app_begin ] --START--
INFO: Run Behavior\ReadHtmlCacheBehavior [ RunTime:0.001000s ]
INFO: [ app_begin ] --END-- [ RunTime:0.001000s ]

[ 2019-06-12T09:45:12+08:00 ] 127.0.0.1 /index.php/Home/Center/center.html
INFO: [ app_init ] --START--
INFO: Run Behavior\BuildLiteBehavior [ RunTime:0.000000s ]
INFO: [ app_init ] --END-- [ RunTime:0.001000s ]
INFO: [ app_begin ] --START--
INFO: Run Behavior\ReadHtmlCacheBehavior [ RunTime:0.000000s ]
INFO: [ app_begin ] --END-- [ RunTime:0.000000s ]
SQL: SHOW COLUMNS FROM `user` [ RunTime:0.0030s ]
SQL: SELECT * FROM `user` WHERE ( user_id=15 ) LIMIT 1   [ RunTime:0.0010s ]
INFO: [ view_parse ] --START--
INFO: [ template_filter ] --START--
INFO: Run Behavior\ContentReplaceBehavior [ RunTime:0.000000s ]
INFO: [ template_filter ] --END-- [ RunTime:0.000000s ]
INFO: Run Behavior\ParseTemplateBehavior [ RunTime:0.014000s ]
INFO: [ view_parse ] --END-- [ RunTime:0.014000s ]
INFO: [ view_filter ] --START--
INFO: Run Behavior\WriteHtmlCacheBehavior [ RunTime:0.000000s ]
INFO: [ view_filter ] --END-- [ RunTime:0.000000s ]
INFO: [ app_end ] --START--
INFO: Run Behavior\ShowPageTraceBehavior [ RunTime:0.001000s ]
INFO: [ app_end ] --END-- [ RunTime:0.001000s ]

[ 2019-06-12T09:45:16+08:00 ] 127.0.0.1 /index.php/Home/Index/index.html
INFO: [ app_init ] --START--
INFO: Run Behavior\BuildLiteBehavior [ RunTime:0.000000s ]
INFO: [ app_init ] --END-- [ RunTime:0.001000s ]
INFO: [ app_begin ] --START--
INFO: Run Behavior\ReadHtmlCacheBehavior [ RunTime:0.000000s ]
INFO: [ app_begin ] --END-- [ RunTime:0.000000s ]
SQL: SHOW COLUMNS FROM `category` [ RunTime:0.0040s ]
SQL: SELECT * FROM `category` WHERE ( parent_id=0 )  [ RunTime:0.0000s ]
SQL: SHOW COLUMNS FROM `advert` [ RunTime:0.0040s ]
SQL: SELECT * FROM `advert` WHERE ( ad_place=1 )  [ RunTime:0.0000s ]
SQL: SELECT advert.ad_pic,advert.gid,goods.goods_name,goods.goods_detail FROM `advert` INNER JOIN goods ON advert.gid = goods.id  WHERE ( advert.ad_place=3 ) LIMIT 2   [ RunTime:0.0000s ]
SQL: SELECT advert.ad_pic,advert.gid,goods.goods_name,goods.goods_detail FROM `advert` INNER JOIN goods ON advert.gid = goods.id  WHERE ( advert.ad_place=3 ) ORDER BY advert.id desc LIMIT 3   [ RunTime:0.0010s ]
SQL: SHOW COLUMNS FROM `user_like` [ RunTime:0.0250s ]
SQL: SELECT `good_id` FROM `user_like` WHERE ( user_id=15 )  [ RunTime:0.0000s ]
SQL: SHOW COLUMNS FROM `goods` [ RunTime:0.0040s ]
SQL: SELECT `id`,`goods_name`,`pic`,`price` FROM `goods` WHERE `id` IN ('75','137','0','79') ORDER BY id desc LIMIT 4   [ RunTime:0.0010s ]
INFO: [ view_parse ] --START--
INFO: [ template_filter ] --START--
INFO: Run Behavior\ContentReplaceBehavior [ RunTime:0.000000s ]
INFO: [ template_filter ] --END-- [ RunTime:0.000000s ]
INFO: Run Behavior\ParseTemplateBehavior [ RunTime:0.010000s ]
INFO: [ view_parse ] --END-- [ RunTime:0.010000s ]
INFO: [ view_filter ] --START--
INFO: Run Behavior\WriteHtmlCacheBehavior [ RunTime:0.000000s ]
INFO: [ view_filter ] --END-- [ RunTime:0.000000s ]
INFO: [ app_end ] --START--
INFO: Run Behavior\ShowPageTraceBehavior [ RunTime:0.001000s ]
INFO: [ app_end ] --END-- [ RunTime:0.001000s ]

[ 2019-06-12T09:45:17+08:00 ] 127.0.0.1 /index.php/Home/Index/detail.html?gid=79
INFO: [ app_init ] --START--
INFO: Run Behavior\BuildLiteBehavior [ RunTime:0.000000s ]
INFO: [ app_init ] --END-- [ RunTime:0.000000s ]
INFO: [ app_begin ] --START--
INFO: Run Behavior\ReadHtmlCacheBehavior [ RunTime:0.001000s ]
INFO: [ app_begin ] --END-- [ RunTime:0.001000s ]
SQL: SHOW COLUMNS FROM `user_like` [ RunTime:0.0050s ]
SQL: SELECT * FROM `user_like` WHERE `user_id` = 15 AND `good_id` = 79 LIMIT 1   [ RunTime:0.0010s ]
SQL: SHOW COLUMNS FROM `goods` [ RunTime:0.0040s ]
SQL: SELECT * FROM `goods` WHERE ( id=79 ) LIMIT 1   [ RunTime:0.0000s ]
SQL: SHOW COLUMNS FROM `goodsimage` [ RunTime:0.0040s ]
SQL: SELECT `gpic` FROM `goodsimage` WHERE ( gid=79 )  [ RunTime:0.0000s ]
INFO: [ view_parse ] --START--
INFO: [ template_filter ] --START--
INFO: Run Behavior\ContentReplaceBehavior [ RunTime:0.000000s ]
INFO: [ template_filter ] --END-- [ RunTime:0.000000s ]
INFO: Run Behavior\ParseTemplateBehavior [ RunTime:0.006000s ]
INFO: [ view_parse ] --END-- [ RunTime:0.006000s ]
INFO: [ view_filter ] --START--
INFO: Run Behavior\WriteHtmlCacheBehavior [ RunTime:0.001000s ]
INFO: [ view_filter ] --END-- [ RunTime:0.001000s ]
INFO: [ app_end ] --START--
INFO: Run Behavior\ShowPageTraceBehavior [ RunTime:0.000000s ]
INFO: [ app_end ] --END-- [ RunTime:0.000000s ]

[ 2019-06-12T09:45:19+08:00 ] 127.0.0.1 /index.php/Home/Index/nowBuy.html?gid=79&num=1
INFO: [ app_init ] --START--
INFO: Run Behavior\BuildLiteBehavior [ RunTime:0.000000s ]
INFO: [ app_init ] --END-- [ RunTime:0.002000s ]
INFO: [ app_begin ] --START--
INFO: Run Behavior\ReadHtmlCacheBehavior [ RunTime:0.001000s ]
INFO: [ app_begin ] --END-- [ RunTime:0.001000s ]
SQL: SHOW COLUMNS FROM `goods_car` [ RunTime:0.0040s ]
SQL: INSERT INTO `goods_car` (`user_id`,`goods_id`,`goods_num`) VALUES ('15','79','1') [ RunTime:0.0010s ]

[ 2019-06-12T09:45:19+08:00 ] 127.0.0.1 /index.php/Home/Index/trueOrder/sex/159.html
INFO: [ app_init ] --START--
INFO: Run Behavior\BuildLiteBehavior [ RunTime:0.000000s ]
INFO: [ app_init ] --END-- [ RunTime:0.001000s ]
INFO: [ app_begin ] --START--
INFO: Run Behavior\ReadHtmlCacheBehavior [ RunTime:0.000000s ]
INFO: [ app_begin ] --END-- [ RunTime:0.000000s ]
SQL: SHOW COLUMNS FROM `goods_car` [ RunTime:0.0040s ]
SQL: SELECT goods_car.goods_num,goods.goods_name,goods.price,goods.pic,goods.id,goods_car.id as cid FROM `goods_car` INNER JOIN goods ON goods_car.goods_id = goods.id  WHERE ( goods_car.id=159 ) LIMIT 1   [ RunTime:0.0000s ]
SQL: SHOW COLUMNS FROM `address` [ RunTime:0.0320s ]
SQL: SELECT * FROM `address` WHERE ( user_id=15 AND def_address=1 ) LIMIT 1   [ RunTime:0.0090s ]
INFO: [ view_parse ] --START--
INFO: [ template_filter ] --START--
INFO: Run Behavior\ContentReplaceBehavior [ RunTime:0.000000s ]
INFO: [ template_filter ] --END-- [ RunTime:0.000000s ]
INFO: Run Behavior\ParseTemplateBehavior [ RunTime:0.012000s ]
INFO: [ view_parse ] --END-- [ RunTime:0.012000s ]
INFO: [ view_filter ] --START--
INFO: Run Behavior\WriteHtmlCacheBehavior [ RunTime:0.001000s ]
INFO: [ view_filter ] --END-- [ RunTime:0.001000s ]
INFO: [ app_end ] --START--
INFO: Run Behavior\ShowPageTraceBehavior [ RunTime:0.000000s ]
INFO: [ app_end ] --END-- [ RunTime:0.000000s ]

[ 2019-06-12T09:45:21+08:00 ] 127.0.0.1 /index.php/Home/Index/makeOrder.html
INFO: [ app_init ] --START--
INFO: Run Behavior\BuildLiteBehavior [ RunTime:0.000000s ]
INFO: [ app_init ] --END-- [ RunTime:0.000000s ]
INFO: [ app_begin ] --START--
INFO: Run Behavior\ReadHtmlCacheBehavior [ RunTime:0.001000s ]
INFO: [ app_begin ] --END-- [ RunTime:0.001000s ]
SQL: SHOW COLUMNS FROM `orders` [ RunTime:0.0310s ]
SQL: INSERT INTO `orders` (`ordersn`,`user_id`,`state`,`address`,`total`,`ordertime`,`remark`) VALUES ('151560303921520653214','15','0','45','3214','1560303921','') [ RunTime:0.0140s ]
SQL: SHOW COLUMNS FROM `goods_car` [ RunTime:0.0040s ]
SQL: SHOW COLUMNS FROM `order_details` [ RunTime:0.0360s ]
SQL: SELECT * FROM `goods_car` WHERE ( id=159 ) LIMIT 1   [ RunTime:0.0000s ]
SQL: INSERT INTO `order_details` (`order_id`,`good_id`,`good_num`) VALUES ('155','79','1') [ RunTime:0.0020s ]
SQL: DELETE FROM `goods_car` WHERE ( id=159 ) [ RunTime:0.0000s ]
INFO: [ view_parse ] --START--
INFO: [ template_filter ] --START--
INFO: Run Behavior\ContentReplaceBehavior [ RunTime:0.000000s ]
INFO: [ template_filter ] --END-- [ RunTime:0.000000s ]
NOTIC: [8] Undefined variable: good D:\phpStudy\PHPTutorial\WWW\webmyself\mi_phone\App\Runtime\Cache\Home\3bfc7746cb6e79cdad4389f32750a6c4.php 第 166 行.
INFO: Run Behavior\ParseTemplateBehavior [ RunTime:0.015000s ]
INFO: [ view_parse ] --END-- [ RunTime:0.015000s ]
INFO: [ view_filter ] --START--
INFO: Run Behavior\WriteHtmlCacheBehavior [ RunTime:0.000000s ]
INFO: [ view_filter ] --END-- [ RunTime:0.000000s ]
INFO: [ app_end ] --START--
INFO: Run Behavior\ShowPageTraceBehavior [ RunTime:0.001000s ]
INFO: [ app_end ] --END-- [ RunTime:0.001000s ]

[ 2019-06-12T09:46:09+08:00 ] 127.0.0.1 /index.php/Home/Index/payPassword
INFO: [ app_init ] --START--
INFO: Run Behavior\BuildLiteBehavior [ RunTime:0.000000s ]
INFO: [ app_init ] --END-- [ RunTime:0.000000s ]
INFO: [ app_begin ] --START--
INFO: Run Behavior\ReadHtmlCacheBehavior [ RunTime:0.000000s ]
INFO: [ app_begin ] --END-- [ RunTime:0.000000s ]
INFO: [ view_parse ] --START--
INFO: [ template_filter ] --START--
INFO: Run Behavior\ContentReplaceBehavior [ RunTime:0.000000s ]
INFO: [ template_filter ] --END-- [ RunTime:0.000000s ]
INFO: Run Behavior\ParseTemplateBehavior [ RunTime:0.015000s ]
INFO: [ view_parse ] --END-- [ RunTime:0.015000s ]
INFO: [ view_filter ] --START--
INFO: Run Behavior\WriteHtmlCacheBehavior [ RunTime:0.000000s ]
INFO: [ view_filter ] --END-- [ RunTime:0.000000s ]
INFO: [ app_end ] --START--
INFO: Run Behavior\ShowPageTraceBehavior [ RunTime:0.001000s ]
INFO: [ app_end ] --END-- [ RunTime:0.001000s ]

[ 2019-06-12T09:48:02+08:00 ] 127.0.0.1 /index.php/Home/Index/makeOrder.html
INFO: [ app_init ] --START--
INFO: Run Behavior\BuildLiteBehavior [ RunTime:0.000000s ]
INFO: [ app_init ] --END-- [ RunTime:0.002000s ]
INFO: [ app_begin ] --START--
INFO: Run Behavior\ReadHtmlCacheBehavior [ RunTime:0.001000s ]
INFO: [ app_begin ] --END-- [ RunTime:0.001000s ]
SQL: SHOW COLUMNS FROM `orders` [ RunTime:0.0040s ]
SQL: INSERT INTO `orders` (`ordersn`,`user_id`,`state`,`address`,`total`,`ordertime`,`remark`) VALUES ('151560304082104073214','15','0','45','3214','1560304082','') [ RunTime:0.0000s ]
SQL: SHOW COLUMNS FROM `goods_car` [ RunTime:0.0040s ]
SQL: SHOW COLUMNS FROM `order_details` [ RunTime:0.0040s ]
SQL: SELECT * FROM `goods_car` WHERE ( id=159 ) LIMIT 1   [ RunTime:0.0010s ]
SQL: INSERT INTO `order_details` (`order_id`,`good_id`,`good_num`) VALUES ('156',NULL,NULL) [ RunTime:0.0000s ]
SQL: DELETE FROM `goods_car` WHERE ( id=159 ) [ RunTime:0.0000s ]
INFO: [ view_parse ] --START--
INFO: [ template_filter ] --START--
INFO: Run Behavior\ContentReplaceBehavior [ RunTime:0.000000s ]
INFO: [ template_filter ] --END-- [ RunTime:0.000000s ]
NOTIC: [8] Undefined variable: good D:\phpStudy\PHPTutorial\WWW\webmyself\mi_phone\App\Runtime\Cache\Home\3bfc7746cb6e79cdad4389f32750a6c4.php 第 165 行.
INFO: Run Behavior\ParseTemplateBehavior [ RunTime:0.005000s ]
INFO: [ view_parse ] --END-- [ RunTime:0.005000s ]
INFO: [ view_filter ] --START--
INFO: Run Behavior\WriteHtmlCacheBehavior [ RunTime:0.000000s ]
INFO: [ view_filter ] --END-- [ RunTime:0.000000s ]
INFO: [ app_end ] --START--
INFO: Run Behavior\ShowPageTraceBehavior [ RunTime:0.001000s ]
INFO: [ app_end ] --END-- [ RunTime:0.001000s ]

[ 2019-06-12T09:48:20+08:00 ] 127.0.0.1 /index.php/Home/Index/makeOrder.html
INFO: [ app_init ] --START--
INFO: Run Behavior\BuildLiteBehavior [ RunTime:0.000000s ]
INFO: [ app_init ] --END-- [ RunTime:0.001000s ]
INFO: [ app_begin ] --START--
INFO: Run Behavior\ReadHtmlCacheBehavior [ RunTime:0.000000s ]
INFO: [ app_begin ] --END-- [ RunTime:0.000000s ]
SQL: SHOW COLUMNS FROM `orders` [ RunTime:0.0050s ]
SQL: INSERT INTO `orders` (`ordersn`,`user_id`,`state`,`address`,`total`,`ordertime`,`remark`) VALUES ('151560304100364463214','15','0','45','3214','1560304100','') [ RunTime:0.0000s ]
SQL: SHOW COLUMNS FROM `goods_car` [ RunTime:0.0040s ]
SQL: SHOW COLUMNS FROM `order_details` [ RunTime:0.0030s ]
SQL: SELECT * FROM `goods_car` WHERE ( id=159 ) LIMIT 1   [ RunTime:0.0010s ]
SQL: INSERT INTO `order_details` (`order_id`,`good_id`,`good_num`) VALUES ('157',NULL,NULL) [ RunTime:0.0000s ]
SQL: DELETE FROM `goods_car` WHERE ( id=159 ) [ RunTime:0.0000s ]
INFO: [ view_parse ] --START--
INFO: [ template_filter ] --START--
INFO: Run Behavior\ContentReplaceBehavior [ RunTime:0.000000s ]
INFO: [ template_filter ] --END-- [ RunTime:0.000000s ]
NOTIC: [8] Undefined variable: good D:\phpStudy\PHPTutorial\WWW\webmyself\mi_phone\App\Runtime\Cache\Home\3bfc7746cb6e79cdad4389f32750a6c4.php 第 166 行.
INFO: Run Behavior\ParseTemplateBehavior [ RunTime:0.005000s ]
INFO: [ view_parse ] --END-- [ RunTime:0.005000s ]
INFO: [ view_filter ] --START--
INFO: Run Behavior\WriteHtmlCacheBehavior [ RunTime:0.001000s ]
INFO: [ view_filter ] --END-- [ RunTime:0.001000s ]
INFO: [ app_end ] --START--
INFO: Run Behavior\ShowPageTraceBehavior [ RunTime:0.000000s ]
INFO: [ app_end ] --END-- [ RunTime:0.000000s ]

[ 2019-06-12T09:50:17+08:00 ] 127.0.0.1 /index.php/Home/Index/makeOrder.html
INFO: [ app_init ] --START--
INFO: Run Behavior\BuildLiteBehavior [ RunTime:0.000000s ]
INFO: [ app_init ] --END-- [ RunTime:0.000000s ]
INFO: [ app_begin ] --START--
INFO: Run Behavior\ReadHtmlCacheBehavior [ RunTime:0.000000s ]
INFO: [ app_begin ] --END-- [ RunTime:0.000000s ]
SQL: SHOW COLUMNS FROM `orders` [ RunTime:0.0040s ]
SQL: INSERT INTO `orders` (`ordersn`,`user_id`,`state`,`address`,`total`,`ordertime`,`remark`) VALUES ('151560304217752893214','15','0','45','3214','1560304217','') [ RunTime:0.0000s ]
SQL: SHOW COLUMNS FROM `goods_car` [ RunTime:0.0030s ]
SQL: SHOW COLUMNS FROM `order_details` [ RunTime:0.0040s ]
SQL: SELECT * FROM `goods_car` WHERE ( id=159 ) LIMIT 1   [ RunTime:0.0000s ]
SQL: INSERT INTO `order_details` (`order_id`,`good_id`,`good_num`) VALUES ('158',NULL,NULL) [ RunTime:0.0000s ]
SQL: DELETE FROM `goods_car` WHERE ( id=159 ) [ RunTime:0.0000s ]
INFO: [ view_parse ] --START--
INFO: [ template_filter ] --START--
INFO: Run Behavior\ContentReplaceBehavior [ RunTime:0.000000s ]
INFO: [ template_filter ] --END-- [ RunTime:0.000000s ]
NOTIC: [8] Undefined variable: good D:\phpStudy\PHPTutorial\WWW\webmyself\mi_phone\App\Runtime\Cache\Home\3bfc7746cb6e79cdad4389f32750a6c4.php 第 166 行.
INFO: Run Behavior\ParseTemplateBehavior [ RunTime:0.006000s ]
INFO: [ view_parse ] --END-- [ RunTime:0.006000s ]
INFO: [ view_filter ] --START--
INFO: Run Behavior\WriteHtmlCacheBehavior [ RunTime:0.000000s ]
INFO: [ view_filter ] --END-- [ RunTime:0.000000s ]
INFO: [ app_end ] --START--
INFO: Run Behavior\ShowPageTraceBehavior [ RunTime:0.000000s ]
INFO: [ app_end ] --END-- [ RunTime:0.000000s ]

[ 2019-06-12T09:50:37+08:00 ] 127.0.0.1 /index.php/Home/Index/nowBuy.html?gid=79&num=1
INFO: [ app_init ] --START--
INFO: Run Behavior\BuildLiteBehavior [ RunTime:0.000000s ]
INFO: [ app_init ] --END-- [ RunTime:0.000000s ]
INFO: [ app_begin ] --START--
INFO: Run Behavior\ReadHtmlCacheBehavior [ RunTime:0.000000s ]
INFO: [ app_begin ] --END-- [ RunTime:0.000000s ]
SQL: SHOW COLUMNS FROM `goods_car` [ RunTime:0.0050s ]
SQL: INSERT INTO `goods_car` (`user_id`,`goods_id`,`goods_num`) VALUES ('15','79','1') [ RunTime:0.0000s ]

[ 2019-06-12T09:50:37+08:00 ] 127.0.0.1 /index.php/Home/Index/trueOrder/sex/160.html
INFO: [ app_init ] --START--
INFO: Run Behavior\BuildLiteBehavior [ RunTime:0.000000s ]
INFO: [ app_init ] --END-- [ RunTime:0.001000s ]
INFO: [ app_begin ] --START--
INFO: Run Behavior\ReadHtmlCacheBehavior [ RunTime:0.001000s ]
INFO: [ app_begin ] --END-- [ RunTime:0.001000s ]
SQL: SHOW COLUMNS FROM `goods_car` [ RunTime:0.0050s ]
SQL: SELECT goods_car.goods_num,goods.goods_name,goods.price,goods.pic,goods.id,goods_car.id as cid FROM `goods_car` INNER JOIN goods ON goods_car.goods_id = goods.id  WHERE ( goods_car.id=160 ) LIMIT 1   [ RunTime:0.0010s ]
SQL: SHOW COLUMNS FROM `address` [ RunTime:0.0040s ]
SQL: SELECT * FROM `address` WHERE ( user_id=15 AND def_address=1 ) LIMIT 1   [ RunTime:0.0000s ]
INFO: [ view_parse ] --START--
INFO: [ template_filter ] --START--
INFO: Run Behavior\ContentReplaceBehavior [ RunTime:0.000000s ]
INFO: [ template_filter ] --END-- [ RunTime:0.000000s ]
INFO: Run Behavior\ParseTemplateBehavior [ RunTime:0.007000s ]
INFO: [ view_parse ] --END-- [ RunTime:0.007000s ]
INFO: [ view_filter ] --START--
INFO: Run Behavior\WriteHtmlCacheBehavior [ RunTime:0.001000s ]
INFO: [ view_filter ] --END-- [ RunTime:0.001000s ]
INFO: [ app_end ] --START--
INFO: Run Behavior\ShowPageTraceBehavior [ RunTime:0.001000s ]
INFO: [ app_end ] --END-- [ RunTime:0.001000s ]

[ 2019-06-12T09:50:38+08:00 ] 127.0.0.1 /index.php/Home/Index/makeOrder.html
INFO: [ app_init ] --START--
INFO: Run Behavior\BuildLiteBehavior [ RunTime:0.000000s ]
INFO: [ app_init ] --END-- [ RunTime:0.001000s ]
INFO: [ app_begin ] --START--
INFO: Run Behavior\ReadHtmlCacheBehavior [ RunTime:0.001000s ]
INFO: [ app_begin ] --END-- [ RunTime:0.001000s ]
SQL: SHOW COLUMNS FROM `orders` [ RunTime:0.0050s ]
SQL: INSERT INTO `orders` (`ordersn`,`user_id`,`state`,`address`,`total`,`ordertime`,`remark`) VALUES ('151560304238383503214','15','0','45','3214','1560304238','') [ RunTime:0.0010s ]
SQL: SHOW COLUMNS FROM `goods_car` [ RunTime:0.0040s ]
SQL: SHOW COLUMNS FROM `order_details` [ RunTime:0.0030s ]
SQL: SELECT * FROM `goods_car` WHERE ( id=160 ) LIMIT 1   [ RunTime:0.0010s ]
SQL: INSERT INTO `order_details` (`order_id`,`good_id`,`good_num`) VALUES ('159','79','1') [ RunTime:0.0000s ]
SQL: DELETE FROM `goods_car` WHERE ( id=160 ) [ RunTime:0.0000s ]
INFO: [ view_parse ] --START--
INFO: [ template_filter ] --START--
INFO: Run Behavior\ContentReplaceBehavior [ RunTime:0.000000s ]
INFO: [ template_filter ] --END-- [ RunTime:0.000000s ]
NOTIC: [8] Undefined variable: good D:\phpStudy\PHPTutorial\WWW\webmyself\mi_phone\App\Runtime\Cache\Home\3bfc7746cb6e79cdad4389f32750a6c4.php 第 166 行.
INFO: Run Behavior\ParseTemplateBehavior [ RunTime:0.006000s ]
INFO: [ view_parse ] --END-- [ RunTime:0.006000s ]
INFO: [ view_filter ] --START--
INFO: Run Behavior\WriteHtmlCacheBehavior [ RunTime:0.001000s ]
INFO: [ view_filter ] --END-- [ RunTime:0.001000s ]
INFO: [ app_end ] --START--
INFO: Run Behavior\ShowPageTraceBehavior [ RunTime:0.000000s ]
INFO: [ app_end ] --END-- [ RunTime:0.000000s ]

